************* Module MYMODULE/
F:  1, 0: No module named MYMODULE/ (fatal)
************* Module config
C:  5, 0: Final newline missing (missing-final-newline)
C:  1, 0: Missing module docstring (missing-docstring)
C:  2, 0: Invalid constant name "basedir" (invalid-name)
************* Module naas
C:  1, 0: Missing module docstring (missing-docstring)
************* Module routeapp
C:  1, 0: Missing module docstring (missing-docstring)
W:  2, 0: Module import itself (import-self)
************* Module db_migrate
C: 12, 0: Line too long (121/100) (line-too-long)
C: 16, 0: Unnecessary parens after 'print' keyword (superfluous-parens)
C: 17, 0: Unnecessary parens after 'print' keyword (superfluous-parens)
C:  1, 0: Missing module docstring (missing-docstring)
C:  7, 0: Invalid constant name "v" (invalid-name)
C:  8, 0: Invalid constant name "migration" (invalid-name)
C:  9, 0: Invalid constant name "tmp_module" (invalid-name)
C: 10, 0: Invalid constant name "old_model" (invalid-name)
W: 11, 0: Use of exec (exec-used)
C: 12, 0: Invalid constant name "script" (invalid-name)
C: 15, 0: Invalid constant name "v" (invalid-name)
************* Module config_auth
C:  1, 0: Missing module docstring (missing-docstring)
C:  2, 0: Invalid constant name "basedir" (invalid-name)
************* Module db_migrate_auth
C: 12, 0: Line too long (121/100) (line-too-long)
C: 16, 0: Unnecessary parens after 'print' keyword (superfluous-parens)
C: 17, 0: Unnecessary parens after 'print' keyword (superfluous-parens)
C:  1, 0: Missing module docstring (missing-docstring)
C:  7, 0: Invalid constant name "v" (invalid-name)
C:  8, 0: Invalid constant name "migration" (invalid-name)
C:  9, 0: Invalid constant name "tmp_module" (invalid-name)
C: 10, 0: Invalid constant name "old_model" (invalid-name)
W: 11, 0: Use of exec (exec-used)
C: 12, 0: Invalid constant name "script" (invalid-name)
C: 15, 0: Invalid constant name "v" (invalid-name)
************* Module db_create
C: 12, 0: Line too long (111/100) (line-too-long)
C:  1, 0: Missing module docstring (missing-docstring)
C:  6, 0: standard import "import os.path" should be placed before "from migrate.versioning import api" (wrong-import-order)
************* Module authapp
C:  1, 0: Missing module docstring (missing-docstring)
W:  2, 0: Module import itself (import-self)
************* Module db_create_auth
C: 12, 0: Line too long (111/100) (line-too-long)
C:  1, 0: Missing module docstring (missing-docstring)
C:  6, 0: standard import "import os.path" should be placed before "from migrate.versioning import api" (wrong-import-order)
************* Module naas8000
C:  1, 0: Missing module docstring (missing-docstring)
R:  1, 0: Similar lines in 2 files
==db_migrate:6
==db_migrate_auth:6
v = api.db_version(SQLALCHEMY_DATABASE_URI, SQLALCHEMY_MIGRATE_REPO)
migration = SQLALCHEMY_MIGRATE_REPO + ('/versions/%03d_migration.py' % (v+1))
tmp_module = imp.new_module('old_model')
old_model = api.create_model(SQLALCHEMY_DATABASE_URI, SQLALCHEMY_MIGRATE_REPO)
exec(old_model, tmp_module.__dict__)
script = api.make_update_script_for_model(SQLALCHEMY_DATABASE_URI, SQLALCHEMY_MIGRATE_REPO, tmp_module.meta, db.metadata)
open(migration, "wt").write(script)
api.upgrade(SQLALCHEMY_DATABASE_URI, SQLALCHEMY_MIGRATE_REPO)
v = api.db_version(SQLALCHEMY_DATABASE_URI, SQLALCHEMY_MIGRATE_REPO)
print('New migration saved as ' + migration)
print('Current database version: ' + str(v)) (duplicate-code)
R:  1, 0: Similar lines in 2 files
==db_create:5
==db_create_auth:5
import os.path
db.create_all()
if not os.path.exists(SQLALCHEMY_MIGRATE_REPO):
    api.create(SQLALCHEMY_MIGRATE_REPO, 'database repository')
    api.version_control(SQLALCHEMY_DATABASE_URI, SQLALCHEMY_MIGRATE_REPO)
else:
    api.version_control(SQLALCHEMY_DATABASE_URI, SQLALCHEMY_MIGRATE_REPO, api.version(SQLALCHEMY_MIGRATE_REPO)) (duplicate-code)

-----------------------------------
Your code has been rated at 4.38/10

